<?xml version="1.0" encoding="UTF-8"?>
<!-- Generated by org.testng.reporters.JUnitReportReporter -->
<testsuite skipped="0" hostname="Burando-sachin" name="com.amazon.testrunner.TestRunner" tests="1" failures="0" timestamp="08 Sep 2019 02:23:59 GMT" time="79.230" errors="0">
  <testcase name="feature" time="79.230" classname="com.amazon.testrunner.TestRunner"/>
</testsuite> <!-- com.amazon.testrunner.TestRunner -->
